  main.cpp
C:\Users\hchap\source\repos\mandelbrot\mandelbrot\include\CUSTOM\renderer.h(42,39): warning C4244: '=': conversion from 'int' to 'float', possible loss of data
  (compiling source file 'src/main.cpp')
  
C:\Users\hchap\source\repos\mandelbrot\mandelbrot\include\CUSTOM\renderer.h(49,39): warning C4244: '=': conversion from 'int' to 'float', possible loss of data
  (compiling source file 'src/main.cpp')
  
C:\Users\hchap\source\repos\mandelbrot\mandelbrot\include\CUSTOM\renderer.h(56,39): warning C4244: '=': conversion from 'int' to 'float', possible loss of data
  (compiling source file 'src/main.cpp')
  
C:\Users\hchap\source\repos\mandelbrot\mandelbrot\include\CUSTOM\renderer.h(63,39): warning C4244: '=': conversion from 'int' to 'float', possible loss of data
  (compiling source file 'src/main.cpp')
  
C:\Users\hchap\source\repos\mandelbrot\mandelbrot\include\CUSTOM\renderer.h(70,39): warning C4244: '=': conversion from 'int' to 'float', possible loss of data
  (compiling source file 'src/main.cpp')
  
C:\Users\hchap\source\repos\mandelbrot\mandelbrot\include\CUSTOM\renderer.h(77,39): warning C4244: '=': conversion from 'int' to 'float', possible loss of data
  (compiling source file 'src/main.cpp')
  
C:\Users\hchap\source\repos\mandelbrot\mandelbrot\include\CUSTOM\renderer.h(178,32): warning C4244: '=': conversion from 'double' to 'float', possible loss of data
  (compiling source file 'src/main.cpp')
  
C:\Users\hchap\source\repos\mandelbrot\mandelbrot\include\CUSTOM\renderer.h(195,28): warning C4244: 'initializing': conversion from 'double' to 'float', possible loss of data
  (compiling source file 'src/main.cpp')
  
C:\Users\hchap\source\repos\mandelbrot\mandelbrot\include\CUSTOM\renderer.h(201,18): warning C4244: '=': conversion from 'double' to 'float', possible loss of data
  (compiling source file 'src/main.cpp')
  
C:\Users\hchap\source\repos\mandelbrot\mandelbrot\include\CUSTOM\renderer.h(202,18): warning C4244: '=': conversion from 'double' to 'float', possible loss of data
  (compiling source file 'src/main.cpp')
  
C:\Users\hchap\source\repos\mandelbrot\mandelbrot\src\main.cpp(29,17): warning C4305: 'initializing': truncation from 'double' to 'float'
C:\Users\hchap\source\repos\mandelbrot\mandelbrot\src\main.cpp(30,17): warning C4305: 'initializing': truncation from 'double' to 'float'
C:\Users\hchap\source\repos\mandelbrot\mandelbrot\src\main.cpp(61,27): warning C4244: 'argument': conversion from 'double' to 'float', possible loss of data
C:\Users\hchap\source\repos\mandelbrot\mandelbrot\src\main.cpp(64,27): warning C4244: 'argument': conversion from 'double' to 'float', possible loss of data
C:\Users\hchap\source\repos\mandelbrot\mandelbrot\src\main.cpp(67,19): warning C4244: '-=': conversion from 'double' to 'float', possible loss of data
C:\Users\hchap\source\repos\mandelbrot\mandelbrot\src\main.cpp(70,19): warning C4244: '+=': conversion from 'double' to 'float', possible loss of data
C:\Users\hchap\source\repos\mandelbrot\mandelbrot\src\main.cpp(73,19): warning C4244: '+=': conversion from 'double' to 'float', possible loss of data
C:\Users\hchap\source\repos\mandelbrot\mandelbrot\src\main.cpp(76,19): warning C4244: '-=': conversion from 'double' to 'float', possible loss of data
C:\Users\hchap\source\repos\mandelbrot\mandelbrot\src\main.cpp(82,16): warning C4244: '+=': conversion from 'double' to 'float', possible loss of data
C:\Users\hchap\source\repos\mandelbrot\mandelbrot\src\main.cpp(85,16): warning C4244: '-=': conversion from 'double' to 'float', possible loss of data
C:\Users\hchap\source\repos\mandelbrot\mandelbrot\src\main.cpp(88,16): warning C4244: '+=': conversion from 'double' to 'float', possible loss of data
C:\Users\hchap\source\repos\mandelbrot\mandelbrot\src\main.cpp(91,16): warning C4244: '-=': conversion from 'double' to 'float', possible loss of data
C:\Users\hchap\source\repos\mandelbrot\mandelbrot\src\main.cpp(98,16): warning C4244: '+=': conversion from 'double' to 'float', possible loss of data
C:\Users\hchap\source\repos\mandelbrot\mandelbrot\src\main.cpp(101,16): warning C4244: '-=': conversion from 'double' to 'float', possible loss of data
LINK : warning LNK4098: defaultlib 'MSVCRTD' conflicts with use of other libs; use /NODEFAULTLIB:library
  Generating code
  5 of 341 functions ( 1.5%) were compiled, the rest were copied from previous compilation.
    0 functions were new in current compilation
    18 functions had inline decision re-evaluated but remain unchanged
  Finished generating code
glfw3.lib(context.obj) : warning LNK4099: PDB '' was not found with 'glfw3.lib(context.obj)' or at ''; linking object as if no debug info
glfw3.lib(window.obj) : warning LNK4099: PDB '' was not found with 'glfw3.lib(window.obj)' or at ''; linking object as if no debug info
glfw3.lib(input.obj) : warning LNK4099: PDB '' was not found with 'glfw3.lib(input.obj)' or at ''; linking object as if no debug info
glfw3.lib(init.obj) : warning LNK4099: PDB '' was not found with 'glfw3.lib(init.obj)' or at ''; linking object as if no debug info
glfw3.lib(win32_thread.obj) : warning LNK4099: PDB '' was not found with 'glfw3.lib(win32_thread.obj)' or at ''; linking object as if no debug info
glfw3.lib(win32_time.obj) : warning LNK4099: PDB '' was not found with 'glfw3.lib(win32_time.obj)' or at ''; linking object as if no debug info
glfw3.lib(platform.obj) : warning LNK4099: PDB '' was not found with 'glfw3.lib(platform.obj)' or at ''; linking object as if no debug info
glfw3.lib(monitor.obj) : warning LNK4099: PDB '' was not found with 'glfw3.lib(monitor.obj)' or at ''; linking object as if no debug info
glfw3.lib(vulkan.obj) : warning LNK4099: PDB '' was not found with 'glfw3.lib(vulkan.obj)' or at ''; linking object as if no debug info
glfw3.lib(win32_init.obj) : warning LNK4099: PDB '' was not found with 'glfw3.lib(win32_init.obj)' or at ''; linking object as if no debug info
glfw3.lib(null_init.obj) : warning LNK4099: PDB '' was not found with 'glfw3.lib(null_init.obj)' or at ''; linking object as if no debug info
glfw3.lib(win32_module.obj) : warning LNK4099: PDB '' was not found with 'glfw3.lib(win32_module.obj)' or at ''; linking object as if no debug info
glfw3.lib(win32_monitor.obj) : warning LNK4099: PDB '' was not found with 'glfw3.lib(win32_monitor.obj)' or at ''; linking object as if no debug info
glfw3.lib(win32_window.obj) : warning LNK4099: PDB '' was not found with 'glfw3.lib(win32_window.obj)' or at ''; linking object as if no debug info
glfw3.lib(win32_joystick.obj) : warning LNK4099: PDB '' was not found with 'glfw3.lib(win32_joystick.obj)' or at ''; linking object as if no debug info
glfw3.lib(wgl_context.obj) : warning LNK4099: PDB '' was not found with 'glfw3.lib(wgl_context.obj)' or at ''; linking object as if no debug info
glfw3.lib(egl_context.obj) : warning LNK4099: PDB '' was not found with 'glfw3.lib(egl_context.obj)' or at ''; linking object as if no debug info
glfw3.lib(osmesa_context.obj) : warning LNK4099: PDB '' was not found with 'glfw3.lib(osmesa_context.obj)' or at ''; linking object as if no debug info
glfw3.lib(null_monitor.obj) : warning LNK4099: PDB '' was not found with 'glfw3.lib(null_monitor.obj)' or at ''; linking object as if no debug info
glfw3.lib(null_window.obj) : warning LNK4099: PDB '' was not found with 'glfw3.lib(null_window.obj)' or at ''; linking object as if no debug info
glfw3.lib(null_joystick.obj) : warning LNK4099: PDB '' was not found with 'glfw3.lib(null_joystick.obj)' or at ''; linking object as if no debug info
  mandelbrot.vcxproj -> C:\Users\hchap\source\repos\mandelbrot\x64\Release\mandelbrot.exe
